<?xml version="1.0" encoding="UTF-8"?>
<testng-results ignored="0" total="1" passed="0" failed="1" skipped="0">
  <reporter-output>
    <line>
      <![CDATA[Adding Translation To Weber rescue hub]]>
    </line>
    <line>
      <![CDATA[Total Traslation Available in sheet-40.0]]>
    </line>
    <line>
      <![CDATA[ TRASLATION NO-1]]>
    </line>
    <line>
      <![CDATA[Key > device_service_recommendation_test_note_one_many_use_without_test]]>
    </line>
    <line>
      <![CDATA[>>>>> New Weber translation added successfully.<<<<<]]>
    </line>
    <line>
      <![CDATA[>>>>> New Genesis translation added successfully.<<<<<]]>
    </line>
    <line>
      <![CDATA[|--------------------------------------------------------------------| ]]>
    </line>
    <line>
      <![CDATA[ ]]>
    </line>
    <line>
      <![CDATA[ TRASLATION NO-2]]>
    </line>
    <line>
      <![CDATA[Key > device_service_recommendation_note_two_service_date_expired]]>
    </line>
    <line>
      <![CDATA[>>>>> New Weber translation added successfully.<<<<<]]>
    </line>
    <line>
      <![CDATA[>>>>> New Genesis translation added successfully.<<<<<]]>
    </line>
    <line>
      <![CDATA[|--------------------------------------------------------------------| ]]>
    </line>
    <line>
      <![CDATA[ ]]>
    </line>
    <line>
      <![CDATA[ TRASLATION NO-3]]>
    </line>
    <line>
      <![CDATA[Key > device_service_recommendation_note_three_service_date_expired_more_than_365_days]]>
    </line>
    <line>
      <![CDATA[>>>>> New Weber translation added successfully.<<<<<]]>
    </line>
    <line>
      <![CDATA[>>>>> New Genesis translation added successfully.<<<<<]]>
    </line>
    <line>
      <![CDATA[|--------------------------------------------------------------------| ]]>
    </line>
    <line>
      <![CDATA[ ]]>
    </line>
    <line>
      <![CDATA[ TRASLATION NO-4]]>
    </line>
    <line>
      <![CDATA[Key > device_service_recommendation_note_four_yellow_flag_repeat]]>
    </line>
    <line>
      <![CDATA[>>>>> New Weber translation added successfully.<<<<<]]>
    </line>
    <line>
      <![CDATA[>>>>> New Genesis translation added successfully.<<<<<]]>
    </line>
    <line>
      <![CDATA[|--------------------------------------------------------------------| ]]>
    </line>
    <line>
      <![CDATA[ ]]>
    </line>
    <line>
      <![CDATA[ TRASLATION NO-5]]>
    </line>
    <line>
      <![CDATA[Key > device_service_recommendation_note_five_last_result_red_flag]]>
    </line>
    <line>
      <![CDATA[>>>>> New Weber translation added successfully.<<<<<]]>
    </line>
    <line>
      <![CDATA[>>>>> New Genesis translation added successfully.<<<<<]]>
    </line>
    <line>
      <![CDATA[|--------------------------------------------------------------------| ]]>
    </line>
    <line>
      <![CDATA[ ]]>
    </line>
    <line>
      <![CDATA[ TRASLATION NO-6]]>
    </line>
    <line>
      <![CDATA[Key > ]]>
    </line>
    <line>
      <![CDATA[logout successfully. ]]>
    </line>
  </reporter-output>
  <suite started-at="2025-07-02T15:43:49 IST" name="Suite" finished-at="2025-07-02T15:48:21 IST" duration-ms="271572">
    <groups>
    </groups>
    <test started-at="2025-07-02T15:43:49 IST" name="Test" finished-at="2025-07-02T15:48:21 IST" duration-ms="271572">
      <class name="live.AA_TestClass">
        <test-method is-config="true" signature="m1()[pri:0, instance:live.AA_TestClass@69e153c5]" started-at="2025-07-02T15:43:49 IST" name="m1" finished-at="2025-07-02T15:44:02 IST" duration-ms="13126" status="PASS">
          <reporter-output>
          </reporter-output>
        </test-method> <!-- m1 -->
        <test-method is-config="true" signature="backToHome()[pri:0, instance:live.AA_TestClass@69e153c5]" started-at="2025-07-02T15:44:02 IST" name="backToHome" finished-at="2025-07-02T15:44:05 IST" duration-ms="3020" status="PASS">
          <reporter-output>
          </reporter-output>
        </test-method> <!-- backToHome -->
        <test-method signature="addTraslation()[pri:0, instance:live.AA_TestClass@69e153c5]" started-at="2025-07-02T15:44:05 IST" name="addTraslation" finished-at="2025-07-02T15:48:15 IST" duration-ms="249026" status="FAIL">
          <exception class="org.openqa.selenium.NoSuchElementException">
            <message>
              <![CDATA[Cannot locate option with text: 
For documentation on this error, please visit: https://www.selenium.dev/documentation/webdriver/troubleshooting/errors#no-such-element-exception
Build info: version: '4.17.0', revision: 'e52b1be057*'
System info: os.name: 'Windows 11', os.arch: 'amd64', os.version: '10.0', java.version: '17.0.9'
Driver info: driver.version: unknown]]>
            </message>
            <full-stacktrace>
              <![CDATA[org.openqa.selenium.NoSuchElementException: Cannot locate option with text: 
For documentation on this error, please visit: https://www.selenium.dev/documentation/webdriver/troubleshooting/errors#no-such-element-exception
Build info: version: '4.17.0', revision: 'e52b1be057*'
System info: os.name: 'Windows 11', os.arch: 'amd64', os.version: '10.0', java.version: '17.0.9'
Driver info: driver.version: unknown
at org.openqa.selenium.support.ui.Select.selectByVisibleText(Select.java:153)
at live.D_traslation.addTraslation(D_traslation.java:306)
at live.AA_TestClass.addTraslation(AA_TestClass.java:53)
at java.base/jdk.internal.reflect.NativeMethodAccessorImpl.invoke0(Native Method)
at java.base/jdk.internal.reflect.NativeMethodAccessorImpl.invoke(NativeMethodAccessorImpl.java:77)
at java.base/jdk.internal.reflect.DelegatingMethodAccessorImpl.invoke(DelegatingMethodAccessorImpl.java:43)
at java.base/java.lang.reflect.Method.invoke(Method.java:568)
at org.testng.internal.invokers.MethodInvocationHelper.invokeMethod(MethodInvocationHelper.java:139)
at org.testng.internal.invokers.TestInvoker.invokeMethod(TestInvoker.java:664)
at org.testng.internal.invokers.TestInvoker.invokeTestMethod(TestInvoker.java:228)
at org.testng.internal.invokers.MethodRunner.runInSequence(MethodRunner.java:63)
at org.testng.internal.invokers.TestInvoker$MethodInvocationAgent.invoke(TestInvoker.java:961)
at org.testng.internal.invokers.TestInvoker.invokeTestMethods(TestInvoker.java:201)
at org.testng.internal.invokers.TestMethodWorker.invokeTestMethods(TestMethodWorker.java:148)
at org.testng.internal.invokers.TestMethodWorker.run(TestMethodWorker.java:128)
at java.base/java.util.ArrayList.forEach(ArrayList.java:1511)
at org.testng.TestRunner.privateRun(TestRunner.java:819)
at org.testng.TestRunner.run(TestRunner.java:619)
at org.testng.SuiteRunner.runTest(SuiteRunner.java:443)
at org.testng.SuiteRunner.runSequentially(SuiteRunner.java:437)
at org.testng.SuiteRunner.privateRun(SuiteRunner.java:397)
at org.testng.SuiteRunner.run(SuiteRunner.java:336)
at org.testng.SuiteRunnerWorker.runSuite(SuiteRunnerWorker.java:52)
at org.testng.SuiteRunnerWorker.run(SuiteRunnerWorker.java:95)
at org.testng.TestNG.runSuitesSequentially(TestNG.java:1301)
at org.testng.TestNG.runSuitesLocally(TestNG.java:1228)
at org.testng.TestNG.runSuites(TestNG.java:1134)
at org.testng.TestNG.run(TestNG.java:1101)
at org.testng.remote.AbstractRemoteTestNG.run(AbstractRemoteTestNG.java:115)
at org.testng.remote.RemoteTestNG.initAndRun(RemoteTestNG.java:251)
at org.testng.remote.RemoteTestNG.main(RemoteTestNG.java:77)
]]>
            </full-stacktrace>
          </exception> <!-- org.openqa.selenium.NoSuchElementException -->
          <reporter-output>
            <line>
              <![CDATA[Adding Translation To Weber rescue hub]]>
            </line>
            <line>
              <![CDATA[Total Traslation Available in sheet-40.0]]>
            </line>
            <line>
              <![CDATA[ TRASLATION NO-1]]>
            </line>
            <line>
              <![CDATA[Key > device_service_recommendation_test_note_one_many_use_without_test]]>
            </line>
            <line>
              <![CDATA[>>>>> New Weber translation added successfully.<<<<<]]>
            </line>
            <line>
              <![CDATA[>>>>> New Genesis translation added successfully.<<<<<]]>
            </line>
            <line>
              <![CDATA[|--------------------------------------------------------------------| ]]>
            </line>
            <line>
              <![CDATA[ ]]>
            </line>
            <line>
              <![CDATA[ TRASLATION NO-2]]>
            </line>
            <line>
              <![CDATA[Key > device_service_recommendation_note_two_service_date_expired]]>
            </line>
            <line>
              <![CDATA[>>>>> New Weber translation added successfully.<<<<<]]>
            </line>
            <line>
              <![CDATA[>>>>> New Genesis translation added successfully.<<<<<]]>
            </line>
            <line>
              <![CDATA[|--------------------------------------------------------------------| ]]>
            </line>
            <line>
              <![CDATA[ ]]>
            </line>
            <line>
              <![CDATA[ TRASLATION NO-3]]>
            </line>
            <line>
              <![CDATA[Key > device_service_recommendation_note_three_service_date_expired_more_than_365_days]]>
            </line>
            <line>
              <![CDATA[>>>>> New Weber translation added successfully.<<<<<]]>
            </line>
            <line>
              <![CDATA[>>>>> New Genesis translation added successfully.<<<<<]]>
            </line>
            <line>
              <![CDATA[|--------------------------------------------------------------------| ]]>
            </line>
            <line>
              <![CDATA[ ]]>
            </line>
            <line>
              <![CDATA[ TRASLATION NO-4]]>
            </line>
            <line>
              <![CDATA[Key > device_service_recommendation_note_four_yellow_flag_repeat]]>
            </line>
            <line>
              <![CDATA[>>>>> New Weber translation added successfully.<<<<<]]>
            </line>
            <line>
              <![CDATA[>>>>> New Genesis translation added successfully.<<<<<]]>
            </line>
            <line>
              <![CDATA[|--------------------------------------------------------------------| ]]>
            </line>
            <line>
              <![CDATA[ ]]>
            </line>
            <line>
              <![CDATA[ TRASLATION NO-5]]>
            </line>
            <line>
              <![CDATA[Key > device_service_recommendation_note_five_last_result_red_flag]]>
            </line>
            <line>
              <![CDATA[>>>>> New Weber translation added successfully.<<<<<]]>
            </line>
            <line>
              <![CDATA[>>>>> New Genesis translation added successfully.<<<<<]]>
            </line>
            <line>
              <![CDATA[|--------------------------------------------------------------------| ]]>
            </line>
            <line>
              <![CDATA[ ]]>
            </line>
            <line>
              <![CDATA[ TRASLATION NO-6]]>
            </line>
            <line>
              <![CDATA[Key > ]]>
            </line>
          </reporter-output>
        </test-method> <!-- addTraslation -->
        <test-method is-config="true" signature="backToHomePage2()[pri:0, instance:live.AA_TestClass@69e153c5]" started-at="2025-07-02T15:48:15 IST" name="backToHomePage2" finished-at="2025-07-02T15:48:17 IST" duration-ms="2093" status="PASS">
          <reporter-output>
          </reporter-output>
        </test-method> <!-- backToHomePage2 -->
        <test-method is-config="true" signature="m2()[pri:0, instance:live.AA_TestClass@69e153c5]" started-at="2025-07-02T15:48:17 IST" name="m2" finished-at="2025-07-02T15:48:21 IST" duration-ms="4261" status="PASS">
          <reporter-output>
            <line>
              <![CDATA[logout successfully. ]]>
            </line>
          </reporter-output>
        </test-method> <!-- m2 -->
      </class> <!-- live.AA_TestClass -->
    </test> <!-- Test -->
  </suite> <!-- Suite -->
</testng-results>
